<html>
<body>
<pre>
<h1>µVision Build Log</h1>
<h2>Project:</h2>
C:\Users\mp\Documents\netblocks\Fimware\XRange\release\XRange-stm32-libs\keil\XRange.uvproj
Project File Date:  01/18/2015

<h2>Output:</h2>
Rebuild target 'XRange'
compiling misc.c...
..\SPL\src\misc.c(122): warning:  #223-D: function "assert_param" declared implicitly
    assert_param(IS_NVIC_PRIORITY_GROUP(NVIC_PriorityGroup));
..\SPL\src\misc.c(142): warning:  #223-D: function "assert_param" declared implicitly
    assert_param(IS_FUNCTIONAL_STATE(NVIC_InitStruct->NVIC_IRQChannelCmd));
..\SPL\src\misc.c(183): warning:  #223-D: function "assert_param" declared implicitly
    assert_param(IS_NVIC_VECTTAB(NVIC_VectTab));
..\SPL\src\misc.c(203): warning:  #223-D: function "assert_param" declared implicitly
    assert_param(IS_NVIC_LP(LowPowerMode));
..\SPL\src\misc.c(227): warning:  #223-D: function "assert_param" declared implicitly
    assert_param(IS_SYSTICK_CLK_SOURCE(SysTick_CLKSource));
..\SPL\src\misc.c: 5 warnings, 0 errors
compiling stm32l1xx_adc.c...
..\SPL\src\stm32l1xx_adc.c(193): warning:  #223-D: function "assert_param" declared implicitly
    assert_param(IS_ADC_ALL_PERIPH(ADCx));
..\SPL\src\stm32l1xx_adc.c(223): warning:  #223-D: function "assert_param" declared implicitly
    assert_param(IS_ADC_ALL_PERIPH(ADCx));
..\SPL\src\stm32l1xx_adc.c(320): warning:  #223-D: function "assert_param" declared implicitly
    assert_param(IS_ADC_PRESCALER(ADC_CommonInitStruct->ADC_Prescaler));
..\SPL\src\stm32l1xx_adc.c(359): warning:  #223-D: function "assert_param" declared implicitly
    assert_param(IS_ADC_ALL_PERIPH(ADCx));
..\SPL\src\stm32l1xx_adc.c(385): warning:  #223-D: function "assert_param" declared implicitly
    assert_param(IS_ADC_ALL_PERIPH(ADCx));
..\SPL\src\stm32l1xx_adc.c(451): warning:  #223-D: function "assert_param" declared implicitly
    assert_param(IS_ADC_ALL_PERIPH(ADCx));
..\SPL\src\stm32l1xx_adc.c(504): warning:  #223-D: function "assert_param" declared implicitly
    assert_param(IS_ADC_ALL_PERIPH(ADCx));
..\SPL\src\stm32l1xx_adc.c(569): warning:  #223-D: function "assert_param" declared implicitly
    assert_param(IS_ADC_ALL_PERIPH(ADCx));
..\SPL\src\stm32l1xx_adc.c(595): warning:  #223-D: function "assert_param" declared implicitly
    assert_param(IS_ADC_ALL_PERIPH(ADCx));
..\SPL\src\stm32l1xx_adc.c(659): warning:  #223-D: function "assert_param" declared implicitly
    assert_param(IS_ADC_ALL_PERIPH(ADCx));
..\SPL\src\stm32l1xx_adc.c(707): warning:  #223-D: function "assert_param" declared implicitly
    assert_param(IS_FUNCTIONAL_STATE(NewState));
..\SPL\src\stm32l1xx_adc.c(827): warning:  #223-D: function "assert_param" declared implicitly
    assert_param(IS_ADC_ALL_PERIPH(ADCx));
..\SPL\src\stm32l1xx_adc.c(987): warning:  #223-D: function "assert_param" declared implicitly
    assert_param(IS_ADC_ALL_PERIPH(ADCx));
..\SPL\src\stm32l1xx_adc.c(1003): warning:  #223-D: function "assert_param" declared implicitly
    assert_param(IS_ADC_ALL_PERIPH(ADCx));
..\SPL\src\stm32l1xx_adc.c(1030): warning:  #223-D: function "assert_param" declared implicitly
    assert_param(IS_ADC_ALL_PERIPH(ADCx));
..\SPL\src\stm32l1xx_adc.c(1055): warning:  #223-D: function "assert_param" declared implicitly
    assert_param(IS_ADC_ALL_PERIPH(ADCx));
..\SPL\src\stm32l1xx_adc.c(1084): warning:  #223-D: function "assert_param" declared implicitly
    assert_param(IS_ADC_ALL_PERIPH(ADCx));
..\SPL\src\stm32l1xx_adc.c(1110): warning:  #223-D: function "assert_param" declared implicitly
    assert_param(IS_ADC_ALL_PERIPH(ADCx));
..\SPL\src\stm32l1xx_adc.c(1133): warning:  #223-D: function "assert_param" declared implicitly
    assert_param(IS_ADC_ALL_PERIPH(ADCx));
..\SPL\src\stm32l1xx_adc.c(1177): warning:  #223-D: function "assert_param" declared implicitly
    assert_param(IS_ADC_DMA_PERIPH(ADCx));
..\SPL\src\stm32l1xx_adc.c(1203): warning:  #223-D: function "assert_param" declared implicitly
    assert_param(IS_ADC_ALL_PERIPH(ADCx));
..\SPL\src\stm32l1xx_adc.c(1317): warning:  #223-D: function "assert_param" declared implicitly
    assert_param(IS_ADC_ALL_PERIPH(ADCx));
..\SPL\src\stm32l1xx_adc.c(1416): warning:  #223-D: function "assert_param" declared implicitly
    assert_param(IS_ADC_ALL_PERIPH(ADCx));
..\SPL\src\stm32l1xx_adc.c(1448): warning:  #223-D: function "assert_param" declared implicitly
    assert_param(IS_ADC_ALL_PERIPH(ADCx));
..\SPL\src\stm32l1xx_adc.c(1483): warning:  #223-D: function "assert_param" declared implicitly
    assert_param(IS_ADC_ALL_PERIPH(ADCx));
..\SPL\src\stm32l1xx_adc.c(1515): warning:  #223-D: function "assert_param" declared implicitly
    assert_param(IS_ADC_ALL_PERIPH(ADCx));
..\SPL\src\stm32l1xx_adc.c(1537): warning:  #223-D: function "assert_param" declared implicitly
    assert_param(IS_ADC_ALL_PERIPH(ADCx));
..\SPL\src\stm32l1xx_adc.c(1552): warning:  #223-D: function "assert_param" declared implicitly
    assert_param(IS_ADC_ALL_PERIPH(ADCx));
..\SPL\src\stm32l1xx_adc.c(1581): warning:  #223-D: function "assert_param" declared implicitly
    assert_param(IS_ADC_ALL_PERIPH(ADCx));
..\SPL\src\stm32l1xx_adc.c(1607): warning:  #223-D: function "assert_param" declared implicitly
    assert_param(IS_ADC_ALL_PERIPH(ADCx));
..\SPL\src\stm32l1xx_adc.c(1638): warning:  #223-D: function "assert_param" declared implicitly
    assert_param(IS_ADC_ALL_PERIPH(ADCx));
..\SPL\src\stm32l1xx_adc.c(1744): warning:  #223-D: function "assert_param" declared implicitly
    assert_param(IS_ADC_ALL_PERIPH(ADCx));
..\SPL\src\stm32l1xx_adc.c(1785): warning:  #223-D: function "assert_param" declared implicitly
    assert_param(IS_ADC_ALL_PERIPH(ADCx));
..\SPL\src\stm32l1xx_adc.c(1819): warning:  #223-D: function "assert_param" declared implicitly
    assert_param(IS_ADC_ALL_PERIPH(ADCx));
..\SPL\src\stm32l1xx_adc.c(1843): warning:  #223-D: function "assert_param" declared implicitly
    assert_param(IS_ADC_ALL_PERIPH(ADCx));
..\SPL\src\stm32l1xx_adc.c(1883): warning:  #223-D: function "assert_param" declared implicitly
    assert_param(IS_ADC_ALL_PERIPH(ADCx));
..\SPL\src\stm32l1xx_adc.c: 36 warnings, 0 errors
compiling stm32l1xx_aes.c...
..\SPL\src\stm32l1xx_aes.c(140): warning:  #223-D: function "assert_param" declared implicitly
    assert_param(IS_AES_MODE(AES_InitStruct->AES_Operation));
..\SPL\src\stm32l1xx_aes.c(202): warning:  #223-D: function "assert_param" declared implicitly
    assert_param(IS_FUNCTIONAL_STATE(NewState));
..\SPL\src\stm32l1xx_aes.c(387): warning:  #223-D: function "assert_param" declared implicitly
    assert_param(IS_AES_DMA_TRANSFER(AES_DMATransfer));
..\SPL\src\stm32l1xx_aes.c(433): warning:  #223-D: function "assert_param" declared implicitly
    assert_param(IS_FUNCTIONAL_STATE(NewState));
..\SPL\src\stm32l1xx_aes.c(463): warning:  #223-D: function "assert_param" declared implicitly
    assert_param(IS_AES_FLAG(AES_FLAG));
..\SPL\src\stm32l1xx_aes.c(493): warning:  #223-D: function "assert_param" declared implicitly
    assert_param(IS_AES_FLAG(AES_FLAG));
..\SPL\src\stm32l1xx_aes.c(522): warning:  #223-D: function "assert_param" declared implicitly
    assert_param(IS_AES_GET_IT(AES_IT));
..\SPL\src\stm32l1xx_aes.c(581): warning:  #223-D: function "assert_param" declared implicitly
    assert_param(IS_AES_IT(AES_IT));
..\SPL\src\stm32l1xx_aes.c: 8 warnings, 0 errors
compiling stm32l1xx_aes_util.c...
compiling stm32l1xx_comp.c...
..\SPL\src\stm32l1xx_comp.c(136): warning:  #223-D: function "assert_param" declared implicitly
    assert_param(IS_COMP_INVERTING_INPUT(COMP_InitStruct->COMP_InvertingInput));
..\SPL\src\stm32l1xx_comp.c(175): warning:  #223-D: function "assert_param" declared implicitly
    assert_param(IS_FUNCTIONAL_STATE(NewState));
..\SPL\src\stm32l1xx_comp.c(209): warning:  #223-D: function "assert_param" declared implicitly
    assert_param(IS_COMP_ALL_PERIPH(COMP_Selection));
..\SPL\src\stm32l1xx_comp.c(258): warning:  #223-D: function "assert_param" declared implicitly
    assert_param(IS_FUNCTIONAL_STATE(NewState));
..\SPL\src\stm32l1xx_comp.c(305): warning:  #223-D: function "assert_param" declared implicitly
    assert_param(IS_FUNCTIONAL_STATE(NewState));
..\SPL\src\stm32l1xx_comp.c(348): warning:  #223-D: function "assert_param" declared implicitly
    assert_param(IS_FUNCTIONAL_STATE(NewState));
..\SPL\src\stm32l1xx_comp.c: 6 warnings, 0 errors
compiling stm32l1xx_crc.c...
compiling stm32l1xx_dac.c...
..\SPL\src\stm32l1xx_dac.c(183): warning:  #223-D: function "assert_param" declared implicitly
    assert_param(IS_DAC_CHANNEL(DAC_Channel));
..\SPL\src\stm32l1xx_dac.c(242): warning:  #223-D: function "assert_param" declared implicitly
    assert_param(IS_DAC_CHANNEL(DAC_Channel));
..\SPL\src\stm32l1xx_dac.c(270): warning:  #223-D: function "assert_param" declared implicitly
    assert_param(IS_DAC_CHANNEL(DAC_Channel));
..\SPL\src\stm32l1xx_dac.c(295): warning:  #223-D: function "assert_param" declared implicitly
    assert_param(IS_FUNCTIONAL_STATE(NewState));
..\SPL\src\stm32l1xx_dac.c(327): warning:  #223-D: function "assert_param" declared implicitly
    assert_param(IS_DAC_CHANNEL(DAC_Channel));
..\SPL\src\stm32l1xx_dac.c(358): warning:  #223-D: function "assert_param" declared implicitly
    assert_param(IS_DAC_ALIGN(DAC_Align));
..\SPL\src\stm32l1xx_dac.c(383): warning:  #223-D: function "assert_param" declared implicitly
    assert_param(IS_DAC_ALIGN(DAC_Align));
..\SPL\src\stm32l1xx_dac.c(413): warning:  #223-D: function "assert_param" declared implicitly
    assert_param(IS_DAC_ALIGN(DAC_Align));
..\SPL\src\stm32l1xx_dac.c(447): warning:  #223-D: function "assert_param" declared implicitly
    assert_param(IS_DAC_CHANNEL(DAC_Channel));
..\SPL\src\stm32l1xx_dac.c(489): warning:  #223-D: function "assert_param" declared implicitly
    assert_param(IS_DAC_CHANNEL(DAC_Channel));
..\SPL\src\stm32l1xx_dac.c(538): warning:  #223-D: function "assert_param" declared implicitly
    assert_param(IS_DAC_CHANNEL(DAC_Channel));
..\SPL\src\stm32l1xx_dac.c(571): warning:  #223-D: function "assert_param" declared implicitly
    assert_param(IS_DAC_CHANNEL(DAC_Channel));
..\SPL\src\stm32l1xx_dac.c(603): warning:  #223-D: function "assert_param" declared implicitly
    assert_param(IS_DAC_CHANNEL(DAC_Channel));
..\SPL\src\stm32l1xx_dac.c(629): warning:  #223-D: function "assert_param" declared implicitly
    assert_param(IS_DAC_CHANNEL(DAC_Channel));
..\SPL\src\stm32l1xx_dac.c(664): warning:  #223-D: function "assert_param" declared implicitly
    assert_param(IS_DAC_CHANNEL(DAC_Channel));
..\SPL\src\stm32l1xx_dac.c: 15 warnings, 0 errors
compiling stm32l1xx_dbgmcu.c...
..\SPL\src\stm32l1xx_dbgmcu.c(87): warning:  #223-D: function "assert_param" declared implicitly
    assert_param(IS_DBGMCU_PERIPH(DBGMCU_Periph));
..\SPL\src\stm32l1xx_dbgmcu.c(129): warning:  #223-D: function "assert_param" declared implicitly
    assert_param(IS_DBGMCU_APB1PERIPH(DBGMCU_Periph));
..\SPL\src\stm32l1xx_dbgmcu.c(156): warning:  #223-D: function "assert_param" declared implicitly
    assert_param(IS_DBGMCU_APB2PERIPH(DBGMCU_Periph));
..\SPL\src\stm32l1xx_dbgmcu.c: 3 warnings, 0 errors
compiling stm32l1xx_dma.c...
..\SPL\src\stm32l1xx_dma.c(147): warning:  #223-D: function "assert_param" declared implicitly
    assert_param(IS_DMA_ALL_PERIPH(DMAy_Channelx));
..\SPL\src\stm32l1xx_dma.c(243): warning:  #223-D: function "assert_param" declared implicitly
    assert_param(IS_DMA_ALL_PERIPH(DMAy_Channelx));
..\SPL\src\stm32l1xx_dma.c(333): warning:  #223-D: function "assert_param" declared implicitly
    assert_param(IS_DMA_ALL_PERIPH(DMAy_Channelx));
..\SPL\src\stm32l1xx_dma.c(392): warning:  #223-D: function "assert_param" declared implicitly
    assert_param(IS_DMA_ALL_PERIPH(DMAy_Channelx));
..\SPL\src\stm32l1xx_dma.c(410): warning:  #223-D: function "assert_param" declared implicitly
    assert_param(IS_DMA_ALL_PERIPH(DMAy_Channelx));
..\SPL\src\stm32l1xx_dma.c(485): warning:  #223-D: function "assert_param" declared implicitly
    assert_param(IS_DMA_ALL_PERIPH(DMAy_Channelx));
..\SPL\src\stm32l1xx_dma.c(568): warning:  #223-D: function "assert_param" declared implicitly
    assert_param(IS_DMA_GET_FLAG(DMAy_FLAG));
..\SPL\src\stm32l1xx_dma.c(661): warning:  #223-D: function "assert_param" declared implicitly
    assert_param(IS_DMA_CLEAR_FLAG(DMAy_FLAG));
..\SPL\src\stm32l1xx_dma.c(742): warning:  #223-D: function "assert_param" declared implicitly
    assert_param(IS_DMA_GET_IT(DMAy_IT));
..\SPL\src\stm32l1xx_dma.c(835): warning:  #223-D: function "assert_param" declared implicitly
    assert_param(IS_DMA_CLEAR_IT(DMAy_IT));
..\SPL\src\stm32l1xx_dma.c: 10 warnings, 0 errors
compiling stm32l1xx_exti.c...
..\SPL\src\stm32l1xx_exti.c(133): warning:  #223-D: function "assert_param" declared implicitly
    assert_param(IS_EXTI_MODE(EXTI_InitStruct->EXTI_Mode));
..\SPL\src\stm32l1xx_exti.c(202): warning:  #223-D: function "assert_param" declared implicitly
    assert_param(IS_EXTI_LINE(EXTI_Line));
..\SPL\src\stm32l1xx_exti.c(234): warning:  #223-D: function "assert_param" declared implicitly
    assert_param(IS_GET_EXTI_LINE(EXTI_Line));
..\SPL\src\stm32l1xx_exti.c(256): warning:  #223-D: function "assert_param" declared implicitly
    assert_param(IS_EXTI_LINE(EXTI_Line));
..\SPL\src\stm32l1xx_exti.c(272): warning:  #223-D: function "assert_param" declared implicitly
    assert_param(IS_GET_EXTI_LINE(EXTI_Line));
..\SPL\src\stm32l1xx_exti.c(294): warning:  #223-D: function "assert_param" declared implicitly
    assert_param(IS_EXTI_LINE(EXTI_Line));
..\SPL\src\stm32l1xx_exti.c: 6 warnings, 0 errors
compiling stm32l1xx_flash.c...
..\SPL\src\stm32l1xx_flash.c(191): warning:  #223-D: function "assert_param" declared implicitly
    assert_param(IS_FLASH_LATENCY(FLASH_Latency));
..\SPL\src\stm32l1xx_flash.c(213): warning:  #223-D: function "assert_param" declared implicitly
    assert_param(IS_FUNCTIONAL_STATE(NewState));
..\SPL\src\stm32l1xx_flash.c(240): warning:  #223-D: function "assert_param" declared implicitly
    assert_param(IS_FUNCTIONAL_STATE(NewState));
..\SPL\src\stm32l1xx_flash.c(262): warning:  #223-D: function "assert_param" declared implicitly
    assert_param(IS_FUNCTIONAL_STATE(NewState));
..\SPL\src\stm32l1xx_flash.c(351): warning:  #223-D: function "assert_param" declared implicitly
    assert_param(IS_FLASH_PROGRAM_ADDRESS(Page_Address));
..\SPL\src\stm32l1xx_flash.c(396): warning:  #223-D: function "assert_param" declared implicitly
    assert_param(IS_FLASH_PROGRAM_ADDRESS(Address));
..\SPL\src\stm32l1xx_flash.c(485): warning:  #223-D: function "assert_param" declared implicitly
    assert_param(IS_FUNCTIONAL_STATE(NewState));
..\SPL\src\stm32l1xx_flash.c(515): warning:  #223-D: function "assert_param" declared implicitly
    assert_param(IS_FLASH_DATA_ADDRESS(Address));
..\SPL\src\stm32l1xx_flash.c(548): warning:  #223-D: function "assert_param" declared implicitly
    assert_param(IS_FLASH_DATA_ADDRESS(Address));
..\SPL\src\stm32l1xx_flash.c(581): warning:  #223-D: function "assert_param" declared implicitly
    assert_param(IS_FLASH_DATA_ADDRESS(Address));
..\SPL\src\stm32l1xx_flash.c(617): warning:  #223-D: function "assert_param" declared implicitly
    assert_param(IS_FLASH_DATA_ADDRESS(Address)); 
..\SPL\src\stm32l1xx_flash.c(678): warning:  #223-D: function "assert_param" declared implicitly
    assert_param(IS_FLASH_DATA_ADDRESS(Address));
..\SPL\src\stm32l1xx_flash.c(744): warning:  #223-D: function "assert_param" declared implicitly
    assert_param(IS_FLASH_DATA_ADDRESS(Address));
..\SPL\src\stm32l1xx_flash.c(786): warning:  #223-D: function "assert_param" declared implicitly
    assert_param(IS_FLASH_DATA_ADDRESS(Address)); 
..\SPL\src\stm32l1xx_flash.c(844): warning:  #223-D: function "assert_param" declared implicitly
    assert_param(IS_FLASH_DATA_ADDRESS(Address));
..\SPL\src\stm32l1xx_flash.c(906): warning:  #223-D: function "assert_param" declared implicitly
    assert_param(IS_FLASH_DATA_ADDRESS(Address));
..\SPL\src\stm32l1xx_flash.c(1050): warning:  #223-D: function "assert_param" declared implicitly
    assert_param(IS_OB_WRP(OB_WRP));
..\SPL\src\stm32l1xx_flash.c(1109): warning:  #223-D: function "assert_param" declared implicitly
    assert_param(IS_OB_WRP(OB_WRP1));
..\SPL\src\stm32l1xx_flash.c(1167): warning:  #223-D: function "assert_param" declared implicitly
    assert_param(IS_OB_WRP(OB_WRP2));
..\SPL\src\stm32l1xx_flash.c(1227): warning:  #223-D: function "assert_param" declared implicitly
    assert_param(IS_OB_RDP(OB_RDP));
..\SPL\src\stm32l1xx_flash.c(1268): warning:  #223-D: function "assert_param" declared implicitly
    assert_param(IS_OB_WRP(OB_WRP));
..\SPL\src\stm32l1xx_flash.c(1330): warning:  #223-D: function "assert_param" declared implicitly
    assert_param(IS_OB_WRP(OB_WRP1));
..\SPL\src\stm32l1xx_flash.c(1388): warning:  #223-D: function "assert_param" declared implicitly
    assert_param(IS_OB_PCROP_SELECT(OB_PcROP));
..\SPL\src\stm32l1xx_flash.c(1438): warning:  #223-D: function "assert_param" declared implicitly
    assert_param(IS_OB_IWDG_SOURCE(OB_IWDG));
..\SPL\src\stm32l1xx_flash.c(1485): warning:  #223-D: function "assert_param" declared implicitly
    assert_param(IS_OB_BOR_LEVEL(OB_BOR));
..\SPL\src\stm32l1xx_flash.c(1534): warning:  #223-D: function "assert_param" declared implicitly
    assert_param(IS_OB_BOOT_BANK(OB_BOOT));
..\SPL\src\stm32l1xx_flash.c(1690): warning:  #223-D: function "assert_param" declared implicitly
    assert_param(IS_FLASH_IT(FLASH_IT)); 
..\SPL\src\stm32l1xx_flash.c(1726): warning:  #223-D: function "assert_param" declared implicitly
    assert_param(IS_FLASH_GET_FLAG(FLASH_FLAG));
..\SPL\src\stm32l1xx_flash.c(1726): error:  #20: identifier "FLASH_SR_RDERR" is undefined
    assert_param(IS_FLASH_GET_FLAG(FLASH_FLAG));
..\SPL\src\stm32l1xx_flash.c(1756): warning:  #223-D: function "assert_param" declared implicitly
    assert_param(IS_FLASH_CLEAR_FLAG(FLASH_FLAG));
..\SPL\src\stm32l1xx_flash.c: 29 warnings, 1 error
compiling stm32l1xx_flash_ramfunc.c...
compiling stm32l1xx_fsmc.c...
..\SPL\src\stm32l1xx_fsmc.c(105): warning:  #223-D: function "assert_param" declared implicitly
    assert_param(IS_FSMC_NORSRAM_BANK(FSMC_Bank));
..\SPL\src\stm32l1xx_fsmc.c(132): warning:  #223-D: function "assert_param" declared implicitly
    assert_param(IS_FSMC_NORSRAM_BANK(FSMC_NORSRAMInitStruct->FSMC_Bank));
..\SPL\src\stm32l1xx_fsmc.c(258): warning:  #223-D: function "assert_param" declared implicitly
    assert_param(IS_FSMC_NORSRAM_BANK(FSMC_Bank));
..\SPL\src\stm32l1xx_fsmc.c: 3 warnings, 0 errors
compiling stm32l1xx_gpio.c...
..\SPL\src\stm32l1xx_gpio.c(122): warning:  #223-D: function "assert_param" declared implicitly
    assert_param(IS_GPIO_ALL_PERIPH(GPIOx));
..\SPL\src\stm32l1xx_gpio.c(184): warning:  #223-D: function "assert_param" declared implicitly
    assert_param(IS_GPIO_ALL_PERIPH(GPIOx));
..\SPL\src\stm32l1xx_gpio.c(260): warning:  #223-D: function "assert_param" declared implicitly
    assert_param(IS_GPIO_ALL_PERIPH(GPIOx));
..\SPL\src\stm32l1xx_gpio.c(304): warning:  #223-D: function "assert_param" declared implicitly
    assert_param(IS_GPIO_ALL_PERIPH(GPIOx));
..\SPL\src\stm32l1xx_gpio.c(326): warning:  #223-D: function "assert_param" declared implicitly
    assert_param(IS_GPIO_ALL_PERIPH(GPIOx));
..\SPL\src\stm32l1xx_gpio.c(343): warning:  #223-D: function "assert_param" declared implicitly
    assert_param(IS_GPIO_ALL_PERIPH(GPIOx));
..\SPL\src\stm32l1xx_gpio.c(365): warning:  #223-D: function "assert_param" declared implicitly
    assert_param(IS_GPIO_ALL_PERIPH(GPIOx));
..\SPL\src\stm32l1xx_gpio.c(383): warning:  #223-D: function "assert_param" declared implicitly
    assert_param(IS_GPIO_ALL_PERIPH(GPIOx));
..\SPL\src\stm32l1xx_gpio.c(402): warning:  #223-D: function "assert_param" declared implicitly
    assert_param(IS_GPIO_ALL_PERIPH(GPIOx));
..\SPL\src\stm32l1xx_gpio.c(422): warning:  #223-D: function "assert_param" declared implicitly
    assert_param(IS_GPIO_ALL_PERIPH(GPIOx));
..\SPL\src\stm32l1xx_gpio.c(446): warning:  #223-D: function "assert_param" declared implicitly
    assert_param(IS_GPIO_ALL_PERIPH(GPIOx));
..\SPL\src\stm32l1xx_gpio.c(460): warning:  #223-D: function "assert_param" declared implicitly
    assert_param(IS_GPIO_ALL_PERIPH(GPIOx));
..\SPL\src\stm32l1xx_gpio.c(532): warning:  #223-D: function "assert_param" declared implicitly
    assert_param(IS_GPIO_ALL_PERIPH(GPIOx));
..\SPL\src\stm32l1xx_gpio.c: 13 warnings, 0 errors
compiling stm32l1xx_i2c.c...
..\SPL\src\stm32l1xx_i2c.c(127): warning:  #223-D: function "assert_param" declared implicitly
    assert_param(IS_I2C_ALL_PERIPH(I2Cx));
..\SPL\src\stm32l1xx_i2c.c(162): warning:  #223-D: function "assert_param" declared implicitly
    assert_param(IS_I2C_ALL_PERIPH(I2Cx));
..\SPL\src\stm32l1xx_i2c.c(291): warning:  #223-D: function "assert_param" declared implicitly
    assert_param(IS_I2C_ALL_PERIPH(I2Cx));
..\SPL\src\stm32l1xx_i2c.c(315): warning:  #223-D: function "assert_param" declared implicitly
    assert_param(IS_I2C_ALL_PERIPH(I2Cx));
..\SPL\src\stm32l1xx_i2c.c(339): warning:  #223-D: function "assert_param" declared implicitly
    assert_param(IS_I2C_ALL_PERIPH(I2Cx));
..\SPL\src\stm32l1xx_i2c.c(363): warning:  #223-D: function "assert_param" declared implicitly
    assert_param(IS_I2C_ALL_PERIPH(I2Cx));
..\SPL\src\stm32l1xx_i2c.c(388): warning:  #223-D: function "assert_param" declared implicitly
    assert_param(IS_I2C_ALL_PERIPH(I2Cx));
..\SPL\src\stm32l1xx_i2c.c(413): warning:  #223-D: function "assert_param" declared implicitly
    assert_param(IS_I2C_ALL_PERIPH(I2Cx));
..\SPL\src\stm32l1xx_i2c.c(437): warning:  #223-D: function "assert_param" declared implicitly
    assert_param(IS_I2C_ALL_PERIPH(I2Cx));
..\SPL\src\stm32l1xx_i2c.c(461): warning:  #223-D: function "assert_param" declared implicitly
    assert_param(IS_I2C_ALL_PERIPH(I2Cx));
..\SPL\src\stm32l1xx_i2c.c(487): warning:  #223-D: function "assert_param" declared implicitly
    assert_param(IS_I2C_ALL_PERIPH(I2Cx));
..\SPL\src\stm32l1xx_i2c.c(511): warning:  #223-D: function "assert_param" declared implicitly
    assert_param(IS_I2C_ALL_PERIPH(I2Cx));
..\SPL\src\stm32l1xx_i2c.c(535): warning:  #223-D: function "assert_param" declared implicitly
    assert_param(IS_I2C_ALL_PERIPH(I2Cx));
..\SPL\src\stm32l1xx_i2c.c(561): warning:  #223-D: function "assert_param" declared implicitly
    assert_param(IS_I2C_ALL_PERIPH(I2Cx));
..\SPL\src\stm32l1xx_i2c.c(588): warning:  #223-D: function "assert_param" declared implicitly
    assert_param(IS_I2C_ALL_PERIPH(I2Cx));
..\SPL\src\stm32l1xx_i2c.c(630): warning:  #223-D: function "assert_param" declared implicitly
    assert_param(IS_I2C_ALL_PERIPH(I2Cx));
..\SPL\src\stm32l1xx_i2c.c(643): warning:  #223-D: function "assert_param" declared implicitly
    assert_param(IS_I2C_ALL_PERIPH(I2Cx));
..\SPL\src\stm32l1xx_i2c.c(671): warning:  #223-D: function "assert_param" declared implicitly
    assert_param(IS_I2C_ALL_PERIPH(I2Cx));
..\SPL\src\stm32l1xx_i2c.c(713): warning:  #223-D: function "assert_param" declared implicitly
    assert_param(IS_I2C_ALL_PERIPH(I2Cx));
..\SPL\src\stm32l1xx_i2c.c(742): warning:  #223-D: function "assert_param" declared implicitly
    assert_param(IS_I2C_ALL_PERIPH(I2Cx));
..\SPL\src\stm32l1xx_i2c.c(766): warning:  #223-D: function "assert_param" declared implicitly
    assert_param(IS_I2C_ALL_PERIPH(I2Cx));
..\SPL\src\stm32l1xx_i2c.c(788): warning:  #223-D: function "assert_param" declared implicitly
    assert_param(IS_I2C_ALL_PERIPH(I2Cx));
..\SPL\src\stm32l1xx_i2c.c(820): warning:  #223-D: function "assert_param" declared implicitly
    assert_param(IS_I2C_ALL_PERIPH(I2Cx));
..\SPL\src\stm32l1xx_i2c.c(844): warning:  #223-D: function "assert_param" declared implicitly
    assert_param(IS_I2C_ALL_PERIPH(I2Cx));
..\SPL\src\stm32l1xx_i2c.c(979): warning:  #223-D: function "assert_param" declared implicitly
    assert_param(IS_I2C_ALL_PERIPH(I2Cx));
..\SPL\src\stm32l1xx_i2c.c(1004): warning:  #223-D: function "assert_param" declared implicitly
    assert_param(IS_I2C_ALL_PERIPH(I2Cx));
..\SPL\src\stm32l1xx_i2c.c(1065): warning:  #223-D: function "assert_param" declared implicitly
    assert_param(IS_I2C_ALL_PERIPH(I2Cx));
..\SPL\src\stm32l1xx_i2c.c(1112): warning:  #223-D: function "assert_param" declared implicitly
    assert_param(IS_I2C_ALL_PERIPH(I2Cx));
..\SPL\src\stm32l1xx_i2c.c(1167): warning:  #223-D: function "assert_param" declared implicitly
    assert_param(IS_I2C_ALL_PERIPH(I2Cx));
..\SPL\src\stm32l1xx_i2c.c(1242): warning:  #223-D: function "assert_param" declared implicitly
    assert_param(IS_I2C_ALL_PERIPH(I2Cx));
..\SPL\src\stm32l1xx_i2c.c(1278): warning:  #223-D: function "assert_param" declared implicitly
    assert_param(IS_I2C_ALL_PERIPH(I2Cx));
..\SPL\src\stm32l1xx_i2c.c(1337): warning:  #223-D: function "assert_param" declared implicitly
    assert_param(IS_I2C_ALL_PERIPH(I2Cx));
..\SPL\src\stm32l1xx_i2c.c: 32 warnings, 0 errors
compiling stm32l1xx_iwdg.c...
..\SPL\src\stm32l1xx_iwdg.c(135): warning:  #223-D: function "assert_param" declared implicitly
    assert_param(IS_IWDG_WRITE_ACCESS(IWDG_WriteAccess));
..\SPL\src\stm32l1xx_iwdg.c(155): warning:  #223-D: function "assert_param" declared implicitly
    assert_param(IS_IWDG_PRESCALER(IWDG_Prescaler));
..\SPL\src\stm32l1xx_iwdg.c(168): warning:  #223-D: function "assert_param" declared implicitly
    assert_param(IS_IWDG_RELOAD(Reload));
..\SPL\src\stm32l1xx_iwdg.c(237): warning:  #223-D: function "assert_param" declared implicitly
    assert_param(IS_IWDG_FLAG(IWDG_FLAG));
..\SPL\src\stm32l1xx_iwdg.c: 4 warnings, 0 errors
compiling stm32l1xx_lcd.c...
..\SPL\src\stm32l1xx_lcd.c(178): warning:  #223-D: function "assert_param" declared implicitly
    assert_param(IS_LCD_PRESCALER(LCD_InitStruct->LCD_Prescaler));
..\SPL\src\stm32l1xx_lcd.c(223): warning:  #223-D: function "assert_param" declared implicitly
    assert_param(IS_FUNCTIONAL_STATE(NewState));
..\SPL\src\stm32l1xx_lcd.c(259): warning:  #223-D: function "assert_param" declared implicitly
    assert_param(IS_FUNCTIONAL_STATE(NewState));
..\SPL\src\stm32l1xx_lcd.c(274): warning:  #223-D: function "assert_param" declared implicitly
    assert_param(IS_FUNCTIONAL_STATE(NewState));
..\SPL\src\stm32l1xx_lcd.c(297): warning:  #223-D: function "assert_param" declared implicitly
    assert_param(IS_LCD_PULSE_ON_DURATION(LCD_PulseOnDuration));
..\SPL\src\stm32l1xx_lcd.c(320): warning:  #223-D: function "assert_param" declared implicitly
    assert_param(IS_LCD_DEAD_TIME(LCD_DeadTime));
..\SPL\src\stm32l1xx_lcd.c(351): warning:  #223-D: function "assert_param" declared implicitly
    assert_param(IS_LCD_BLINK_MODE(LCD_BlinkMode));
..\SPL\src\stm32l1xx_lcd.c(375): warning:  #223-D: function "assert_param" declared implicitly
    assert_param(IS_LCD_CONTRAST(LCD_Contrast));
..\SPL\src\stm32l1xx_lcd.c(447): warning:  #223-D: function "assert_param" declared implicitly
    assert_param(IS_LCD_RAM_REGISTER(LCD_RAMRegister));
..\SPL\src\stm32l1xx_lcd.c(501): warning:  #223-D: function "assert_param" declared implicitly
    assert_param(IS_LCD_IT(LCD_IT));
..\SPL\src\stm32l1xx_lcd.c(539): warning:  #223-D: function "assert_param" declared implicitly
    assert_param(IS_LCD_GET_FLAG(LCD_FLAG));
..\SPL\src\stm32l1xx_lcd.c(563): warning:  #223-D: function "assert_param" declared implicitly
    assert_param(IS_LCD_CLEAR_FLAG(LCD_FLAG));
..\SPL\src\stm32l1xx_lcd.c(585): warning:  #223-D: function "assert_param" declared implicitly
    assert_param(IS_LCD_GET_IT(LCD_IT));
..\SPL\src\stm32l1xx_lcd.c(618): warning:  #223-D: function "assert_param" declared implicitly
    assert_param(IS_LCD_IT(LCD_IT));
..\SPL\src\stm32l1xx_lcd.c: 14 warnings, 0 errors
compiling stm32l1xx_opamp.c...
..\SPL\src\stm32l1xx_opamp.c(150): warning:  #223-D: function "assert_param" declared implicitly
    assert_param(IS_OPAMP_SWITCH(OPAMP_OPAMPxSwitchy));
..\SPL\src\stm32l1xx_opamp.c(179): warning:  #223-D: function "assert_param" declared implicitly
    assert_param(IS_OPAMP_ALL_PERIPH(OPAMP_Selection));
..\SPL\src\stm32l1xx_opamp.c(208): warning:  #223-D: function "assert_param" declared implicitly
    assert_param(IS_OPAMP_ALL_PERIPH(OPAMP_Selection));
..\SPL\src\stm32l1xx_opamp.c(235): warning:  #223-D: function "assert_param" declared implicitly
    assert_param(IS_OPAMP_RANGE(OPAMP_PowerRange));
..\SPL\src\stm32l1xx_opamp.c(276): warning:  #223-D: function "assert_param" declared implicitly
    assert_param(IS_OPAMP_TRIMMING(OPAMP_Trimming));
..\SPL\src\stm32l1xx_opamp.c(306): warning:  #223-D: function "assert_param" declared implicitly
    assert_param(IS_OPAMP_ALL_PERIPH(OPAMP_Selection));
..\SPL\src\stm32l1xx_opamp.c(404): warning:  #223-D: function "assert_param" declared implicitly
    assert_param(IS_OPAMP_ALL_PERIPH(OPAMP_Selection));
..\SPL\src\stm32l1xx_opamp.c(499): warning:  #223-D: function "assert_param" declared implicitly
    assert_param(IS_OPAMP_ALL_PERIPH(OPAMP_Selection));
..\SPL\src\stm32l1xx_opamp.c: 8 warnings, 0 errors
compiling stm32l1xx_pwr.c...
..\SPL\src\stm32l1xx_pwr.c(140): warning:  #223-D: function "assert_param" declared implicitly
    assert_param(IS_FUNCTIONAL_STATE(NewState));
..\SPL\src\stm32l1xx_pwr.c(190): warning:  #223-D: function "assert_param" declared implicitly
    assert_param(IS_PWR_PVD_LEVEL(PWR_PVDLevel));
..\SPL\src\stm32l1xx_pwr.c(213): warning:  #223-D: function "assert_param" declared implicitly
    assert_param(IS_FUNCTIONAL_STATE(NewState));
..\SPL\src\stm32l1xx_pwr.c(252): warning:  #223-D: function "assert_param" declared implicitly
    assert_param(IS_PWR_WAKEUP_PIN(PWR_WakeUpPin));
..\SPL\src\stm32l1xx_pwr.c(297): warning:  #223-D: function "assert_param" declared implicitly
    assert_param(IS_FUNCTIONAL_STATE(NewState));
..\SPL\src\stm32l1xx_pwr.c(311): warning:  #223-D: function "assert_param" declared implicitly
    assert_param(IS_FUNCTIONAL_STATE(NewState));
..\SPL\src\stm32l1xx_pwr.c(410): warning:  #223-D: function "assert_param" declared implicitly
    assert_param(IS_PWR_VOLTAGE_SCALING_RANGE(PWR_VoltageScaling));
..\SPL\src\stm32l1xx_pwr.c(590): warning:  #223-D: function "assert_param" declared implicitly
    assert_param(IS_FUNCTIONAL_STATE(NewState));
..\SPL\src\stm32l1xx_pwr.c(625): warning:  #223-D: function "assert_param" declared implicitly
    assert_param(IS_PWR_REGULATOR(PWR_Regulator));
..\SPL\src\stm32l1xx_pwr.c(681): warning:  #223-D: function "assert_param" declared implicitly
    assert_param(IS_PWR_REGULATOR(PWR_Regulator));
..\SPL\src\stm32l1xx_pwr.c(787): warning:  #223-D: function "assert_param" declared implicitly
    assert_param(IS_PWR_GET_FLAG(PWR_FLAG));
..\SPL\src\stm32l1xx_pwr.c(812): warning:  #223-D: function "assert_param" declared implicitly
    assert_param(IS_PWR_CLEAR_FLAG(PWR_FLAG));
..\SPL\src\stm32l1xx_pwr.c: 12 warnings, 0 errors
compiling stm32l1xx_rcc.c...
..\SPL\src\stm32l1xx_rcc.c(247): warning:  #223-D: function "assert_param" declared implicitly
    assert_param(IS_RCC_HSE(RCC_HSE));
..\SPL\src\stm32l1xx_rcc.c(307): warning:  #223-D: function "assert_param" declared implicitly
    assert_param(IS_RCC_MSI_CALIBRATION_VALUE(MSICalibrationValue));
..\SPL\src\stm32l1xx_rcc.c(335): warning:  #223-D: function "assert_param" declared implicitly
    assert_param(IS_RCC_MSI_CLOCK_RANGE(RCC_MSIRange));
..\SPL\src\stm32l1xx_rcc.c(371): warning:  #223-D: function "assert_param" declared implicitly
    assert_param(IS_FUNCTIONAL_STATE(NewState));
..\SPL\src\stm32l1xx_rcc.c(391): warning:  #223-D: function "assert_param" declared implicitly
    assert_param(IS_RCC_HSI_CALIBRATION_VALUE(HSICalibrationValue));
..\SPL\src\stm32l1xx_rcc.c(423): warning:  #223-D: function "assert_param" declared implicitly
    assert_param(IS_FUNCTIONAL_STATE(NewState));
..\SPL\src\stm32l1xx_rcc.c(448): warning:  #223-D: function "assert_param" declared implicitly
    assert_param(IS_RCC_LSE(RCC_LSE));
..\SPL\src\stm32l1xx_rcc.c(472): warning:  #223-D: function "assert_param" declared implicitly
    assert_param(IS_FUNCTIONAL_STATE(NewState));
..\SPL\src\stm32l1xx_rcc.c(519): warning:  #223-D: function "assert_param" declared implicitly
    assert_param(IS_RCC_PLL_SOURCE(RCC_PLLSource));
..\SPL\src\stm32l1xx_rcc.c(540): warning:  #223-D: function "assert_param" declared implicitly
    assert_param(IS_FUNCTIONAL_STATE(NewState));
..\SPL\src\stm32l1xx_rcc.c(559): warning:  #223-D: function "assert_param" declared implicitly
    assert_param(IS_FUNCTIONAL_STATE(NewState));
..\SPL\src\stm32l1xx_rcc.c(573): warning:  #223-D: function "assert_param" declared implicitly
    assert_param(IS_FUNCTIONAL_STATE(NewState));
..\SPL\src\stm32l1xx_rcc.c(603): warning:  #223-D: function "assert_param" declared implicitly
    assert_param(IS_RCC_MCO_SOURCE(RCC_MCOSource));
..\SPL\src\stm32l1xx_rcc.c(722): warning:  #223-D: function "assert_param" declared implicitly
    assert_param(IS_RCC_SYSCLK_SOURCE(RCC_SYSCLKSource));
..\SPL\src\stm32l1xx_rcc.c(776): warning:  #223-D: function "assert_param" declared implicitly
    assert_param(IS_RCC_HCLK(RCC_SYSCLK));
..\SPL\src\stm32l1xx_rcc.c(807): warning:  #223-D: function "assert_param" declared implicitly
    assert_param(IS_RCC_PCLK(RCC_HCLK));
..\SPL\src\stm32l1xx_rcc.c(838): warning:  #223-D: function "assert_param" declared implicitly
    assert_param(IS_RCC_PCLK(RCC_HCLK));
..\SPL\src\stm32l1xx_rcc.c(1025): warning:  #223-D: function "assert_param" declared implicitly
    assert_param(IS_RCC_RTCCLK_SOURCE(RCC_RTCCLKSource));
..\SPL\src\stm32l1xx_rcc.c(1059): warning:  #223-D: function "assert_param" declared implicitly
    assert_param(IS_FUNCTIONAL_STATE(NewState));
..\SPL\src\stm32l1xx_rcc.c(1075): warning:  #223-D: function "assert_param" declared implicitly
    assert_param(IS_FUNCTIONAL_STATE(NewState));
..\SPL\src\stm32l1xx_rcc.c(1108): warning:  #223-D: function "assert_param" declared implicitly
    assert_param(IS_RCC_AHB_PERIPH(RCC_AHBPeriph));
..\SPL\src\stm32l1xx_rcc.c(1143): warning:  #223-D: function "assert_param" declared implicitly
    assert_param(IS_RCC_APB2_PERIPH(RCC_APB2Periph));
..\SPL\src\stm32l1xx_rcc.c(1190): warning:  #223-D: function "assert_param" declared implicitly
    assert_param(IS_RCC_APB1_PERIPH(RCC_APB1Periph));
..\SPL\src\stm32l1xx_rcc.c(1228): warning:  #223-D: function "assert_param" declared implicitly
    assert_param(IS_RCC_AHB_PERIPH(RCC_AHBPeriph));
..\SPL\src\stm32l1xx_rcc.c(1260): warning:  #223-D: function "assert_param" declared implicitly
    assert_param(IS_RCC_APB2_PERIPH(RCC_APB2Periph));
..\SPL\src\stm32l1xx_rcc.c(1304): warning:  #223-D: function "assert_param" declared implicitly
    assert_param(IS_RCC_APB1_PERIPH(RCC_APB1Periph));
..\SPL\src\stm32l1xx_rcc.c(1347): warning:  #223-D: function "assert_param" declared implicitly
    assert_param(IS_RCC_AHB_LPMODE_PERIPH(RCC_AHBPeriph));
..\SPL\src\stm32l1xx_rcc.c(1383): warning:  #223-D: function "assert_param" declared implicitly
    assert_param(IS_RCC_APB2_PERIPH(RCC_APB2Periph));
..\SPL\src\stm32l1xx_rcc.c(1432): warning:  #223-D: function "assert_param" declared implicitly
    assert_param(IS_RCC_APB1_PERIPH(RCC_APB1Periph));
..\SPL\src\stm32l1xx_rcc.c(1485): warning:  #223-D: function "assert_param" declared implicitly
    assert_param(IS_RCC_IT(RCC_IT));
..\SPL\src\stm32l1xx_rcc.c(1527): warning:  #223-D: function "assert_param" declared implicitly
    assert_param(IS_RCC_FLAG(RCC_FLAG));
..\SPL\src\stm32l1xx_rcc.c(1587): warning:  #223-D: function "assert_param" declared implicitly
    assert_param(IS_RCC_GET_IT(RCC_IT));
..\SPL\src\stm32l1xx_rcc.c(1619): warning:  #223-D: function "assert_param" declared implicitly
    assert_param(IS_RCC_CLEAR_IT(RCC_IT));
..\SPL\src\stm32l1xx_rcc.c: 33 warnings, 0 errors
compiling stm32l1xx_rtc.c...
..\SPL\src\stm32l1xx_rtc.c(401): warning:  #223-D: function "assert_param" declared implicitly
    assert_param(IS_RTC_HOUR_FORMAT(RTC_InitStruct->RTC_HourFormat));
..\SPL\src\stm32l1xx_rtc.c(467): warning:  #223-D: function "assert_param" declared implicitly
    assert_param(IS_FUNCTIONAL_STATE(NewState));
..\SPL\src\stm32l1xx_rtc.c(606): warning:  #223-D: function "assert_param" declared implicitly
    assert_param(IS_FUNCTIONAL_STATE(NewState));
..\SPL\src\stm32l1xx_rtc.c(652): warning:  #223-D: function "assert_param" declared implicitly
    assert_param(IS_FUNCTIONAL_STATE(NewState));
..\SPL\src\stm32l1xx_rtc.c(709): warning:  #223-D: function "assert_param" declared implicitly
    assert_param(IS_RTC_FORMAT(RTC_Format));
..\SPL\src\stm32l1xx_rtc.c(831): warning:  #223-D: function "assert_param" declared implicitly
    assert_param(IS_RTC_FORMAT(RTC_Format));
..\SPL\src\stm32l1xx_rtc.c(890): warning:  #223-D: function "assert_param" declared implicitly
    assert_param(IS_RTC_FORMAT(RTC_Format));
..\SPL\src\stm32l1xx_rtc.c(999): warning:  #223-D: function "assert_param" declared implicitly
    assert_param(IS_RTC_FORMAT(RTC_Format));
..\SPL\src\stm32l1xx_rtc.c(1059): warning:  #223-D: function "assert_param" declared implicitly
    assert_param(IS_RTC_FORMAT(RTC_Format));
..\SPL\src\stm32l1xx_rtc.c(1200): warning:  #223-D: function "assert_param" declared implicitly
    assert_param(IS_RTC_FORMAT(RTC_Format));
..\SPL\src\stm32l1xx_rtc.c(1256): warning:  #223-D: function "assert_param" declared implicitly
    assert_param(IS_RTC_CMD_ALARM(RTC_Alarm));
..\SPL\src\stm32l1xx_rtc.c(1348): warning:  #223-D: function "assert_param" declared implicitly
    assert_param(IS_RTC_ALARM(RTC_Alarm));
..\SPL\src\stm32l1xx_rtc.c(1435): warning:  #223-D: function "assert_param" declared implicitly
    assert_param(IS_RTC_WAKEUP_CLOCK(RTC_WakeUpClock));
..\SPL\src\stm32l1xx_rtc.c(1462): warning:  #223-D: function "assert_param" declared implicitly
    assert_param(IS_RTC_WAKEUP_COUNTER(RTC_WakeUpCounter));
..\SPL\src\stm32l1xx_rtc.c(1499): warning:  #223-D: function "assert_param" declared implicitly
    assert_param(IS_FUNCTIONAL_STATE(NewState));
..\SPL\src\stm32l1xx_rtc.c(1571): warning:  #223-D: function "assert_param" declared implicitly
    assert_param(IS_RTC_DAYLIGHT_SAVING(RTC_DayLightSaving));
..\SPL\src\stm32l1xx_rtc.c(1636): warning:  #223-D: function "assert_param" declared implicitly
    assert_param(IS_RTC_OUTPUT(RTC_Output));
..\SPL\src\stm32l1xx_rtc.c(1689): warning:  #223-D: function "assert_param" declared implicitly
    assert_param(IS_RTC_CALIB_SIGN(RTC_CalibSign));
..\SPL\src\stm32l1xx_rtc.c(1730): warning:  #223-D: function "assert_param" declared implicitly
    assert_param(IS_FUNCTIONAL_STATE(NewState));
..\SPL\src\stm32l1xx_rtc.c(1775): warning:  #223-D: function "assert_param" declared implicitly
    assert_param(IS_FUNCTIONAL_STATE(NewState));
..\SPL\src\stm32l1xx_rtc.c(1807): warning:  #223-D: function "assert_param" declared implicitly
    assert_param(IS_RTC_CALIB_OUTPUT(RTC_CalibOutput));
..\SPL\src\stm32l1xx_rtc.c(1848): warning:  #223-D: function "assert_param" declared implicitly
    assert_param(IS_RTC_SMOOTH_CALIB_PERIOD(RTC_SmoothCalibPeriod));
..\SPL\src\stm32l1xx_rtc.c(1921): warning:  #223-D: function "assert_param" declared implicitly
    assert_param(IS_RTC_TIMESTAMP_EDGE(RTC_TimeStampEdge));
..\SPL\src\stm32l1xx_rtc.c(1966): warning:  #223-D: function "assert_param" declared implicitly
    assert_param(IS_RTC_FORMAT(RTC_Format));
..\SPL\src\stm32l1xx_rtc.c(2045): warning:  #223-D: function "assert_param" declared implicitly
    assert_param(IS_RTC_TAMPER(RTC_Tamper)); 
..\SPL\src\stm32l1xx_rtc.c(2075): warning:  #223-D: function "assert_param" declared implicitly
    assert_param(IS_RTC_TAMPER(RTC_Tamper));  
..\SPL\src\stm32l1xx_rtc.c(2106): warning:  #223-D: function "assert_param" declared implicitly
    assert_param(IS_RTC_TAMPER_FILTER(RTC_TamperFilter));
..\SPL\src\stm32l1xx_rtc.c(2140): warning:  #223-D: function "assert_param" declared implicitly
    assert_param(IS_RTC_TAMPER_SAMPLING_FREQ(RTC_TamperSamplingFreq));
..\SPL\src\stm32l1xx_rtc.c(2163): warning:  #223-D: function "assert_param" declared implicitly
    assert_param(IS_RTC_TAMPER_PRECHARGE_DURATION(RTC_TamperPrechargeDuration));
..\SPL\src\stm32l1xx_rtc.c(2183): warning:  #223-D: function "assert_param" declared implicitly
    assert_param(IS_FUNCTIONAL_STATE(NewState));
..\SPL\src\stm32l1xx_rtc.c(2206): warning:  #223-D: function "assert_param" declared implicitly
    assert_param(IS_FUNCTIONAL_STATE(NewState));
..\SPL\src\stm32l1xx_rtc.c(2249): warning:  #223-D: function "assert_param" declared implicitly
    assert_param(IS_RTC_BKP(RTC_BKP_DR));
..\SPL\src\stm32l1xx_rtc.c(2270): warning:  #223-D: function "assert_param" declared implicitly
    assert_param(IS_RTC_BKP(RTC_BKP_DR));
..\SPL\src\stm32l1xx_rtc.c(2308): warning:  #223-D: function "assert_param" declared implicitly
    assert_param(IS_RTC_OUTPUT_TYPE(RTC_OutputType));
..\SPL\src\stm32l1xx_rtc.c(2349): warning:  #223-D: function "assert_param" declared implicitly
    assert_param(IS_RTC_SHIFT_ADD1S(RTC_ShiftAdd1S));
..\SPL\src\stm32l1xx_rtc.c(2466): warning:  #223-D: function "assert_param" declared implicitly
    assert_param(IS_RTC_CONFIG_IT(RTC_IT));
..\SPL\src\stm32l1xx_rtc.c(2519): warning:  #223-D: function "assert_param" declared implicitly
    assert_param(IS_RTC_GET_FLAG(RTC_FLAG));
..\SPL\src\stm32l1xx_rtc.c(2554): warning:  #223-D: function "assert_param" declared implicitly
    assert_param(IS_RTC_CLEAR_FLAG(RTC_FLAG));
..\SPL\src\stm32l1xx_rtc.c(2579): warning:  #223-D: function "assert_param" declared implicitly
    assert_param(IS_RTC_GET_IT(RTC_IT));
..\SPL\src\stm32l1xx_rtc.c(2620): warning:  #223-D: function "assert_param" declared implicitly
    assert_param(IS_RTC_CLEAR_IT(RTC_IT));
..\SPL\src\stm32l1xx_rtc.c: 40 warnings, 0 errors
compiling stm32l1xx_sdio.c...
..\SPL\src\stm32l1xx_sdio.c(266): warning:  #223-D: function "assert_param" declared implicitly
    assert_param(IS_SDIO_CLOCK_EDGE(SDIO_InitStruct->SDIO_ClockEdge));
..\SPL\src\stm32l1xx_sdio.c(318): warning:  #223-D: function "assert_param" declared implicitly
    assert_param(IS_FUNCTIONAL_STATE(NewState));
..\SPL\src\stm32l1xx_sdio.c(334): warning:  #223-D: function "assert_param" declared implicitly
    assert_param(IS_SDIO_POWER_STATE(SDIO_PowerState));
..\SPL\src\stm32l1xx_sdio.c(379): warning:  #223-D: function "assert_param" declared implicitly
    assert_param(IS_FUNCTIONAL_STATE(NewState));
..\SPL\src\stm32l1xx_sdio.c(414): warning:  #223-D: function "assert_param" declared implicitly
    assert_param(IS_SDIO_CMD_INDEX(SDIO_CmdInitStruct->SDIO_CmdIndex));
..\SPL\src\stm32l1xx_sdio.c(480): warning:  #223-D: function "assert_param" declared implicitly
    assert_param(IS_SDIO_RESP(SDIO_RESP));
..\SPL\src\stm32l1xx_sdio.c(517): warning:  #223-D: function "assert_param" declared implicitly
    assert_param(IS_SDIO_DATA_LENGTH(SDIO_DataInitStruct->SDIO_DataLength));
..\SPL\src\stm32l1xx_sdio.c(631): warning:  #223-D: function "assert_param" declared implicitly
    assert_param(IS_FUNCTIONAL_STATE(NewState));
..\SPL\src\stm32l1xx_sdio.c(645): warning:  #223-D: function "assert_param" declared implicitly
    assert_param(IS_FUNCTIONAL_STATE(NewState));
..\SPL\src\stm32l1xx_sdio.c(661): warning:  #223-D: function "assert_param" declared implicitly
    assert_param(IS_SDIO_READWAIT_MODE(SDIO_ReadWaitMode));
..\SPL\src\stm32l1xx_sdio.c(675): warning:  #223-D: function "assert_param" declared implicitly
    assert_param(IS_FUNCTIONAL_STATE(NewState));
..\SPL\src\stm32l1xx_sdio.c(689): warning:  #223-D: function "assert_param" declared implicitly
    assert_param(IS_FUNCTIONAL_STATE(NewState));
..\SPL\src\stm32l1xx_sdio.c(721): warning:  #223-D: function "assert_param" declared implicitly
    assert_param(IS_FUNCTIONAL_STATE(NewState));
..\SPL\src\stm32l1xx_sdio.c(734): warning:  #223-D: function "assert_param" declared implicitly
    assert_param(IS_FUNCTIONAL_STATE(NewState));
..\SPL\src\stm32l1xx_sdio.c(747): warning:  #223-D: function "assert_param" declared implicitly
    assert_param(IS_FUNCTIONAL_STATE(NewState));
..\SPL\src\stm32l1xx_sdio.c(805): warning:  #223-D: function "assert_param" declared implicitly
    assert_param(IS_SDIO_IT(SDIO_IT));
..\SPL\src\stm32l1xx_sdio.c(856): warning:  #223-D: function "assert_param" declared implicitly
    assert_param(IS_SDIO_FLAG(SDIO_FLAG));
..\SPL\src\stm32l1xx_sdio.c(892): warning:  #223-D: function "assert_param" declared implicitly
    assert_param(IS_SDIO_CLEAR_FLAG(SDIO_FLAG));
..\SPL\src\stm32l1xx_sdio.c(933): warning:  #223-D: function "assert_param" declared implicitly
    assert_param(IS_SDIO_GET_IT(SDIO_IT));
..\SPL\src\stm32l1xx_sdio.c(967): warning:  #223-D: function "assert_param" declared implicitly
    assert_param(IS_SDIO_CLEAR_IT(SDIO_IT));
..\SPL\src\stm32l1xx_sdio.c: 20 warnings, 0 errors
compiling stm32l1xx_spi.c...
..\SPL\src\stm32l1xx_spi.c(151): warning:  #223-D: function "assert_param" declared implicitly
    assert_param(IS_SPI_ALL_PERIPH(SPIx));
..\SPL\src\stm32l1xx_spi.c(192): warning:  #223-D: function "assert_param" declared implicitly
    assert_param(IS_SPI_ALL_PERIPH(SPIx));
..\SPL\src\stm32l1xx_spi.c(255): warning:  #223-D: function "assert_param" declared implicitly
    assert_param(IS_SPI_23_PERIPH(SPIx));
..\SPL\src\stm32l1xx_spi.c(408): warning:  #223-D: function "assert_param" declared implicitly
    assert_param(IS_SPI_ALL_PERIPH(SPIx));
..\SPL\src\stm32l1xx_spi.c(432): warning:  #223-D: function "assert_param" declared implicitly
    assert_param(IS_SPI_23_PERIPH(SPIx));
..\SPL\src\stm32l1xx_spi.c(459): warning:  #223-D: function "assert_param" declared implicitly
    assert_param(IS_SPI_ALL_PERIPH(SPIx));
..\SPL\src\stm32l1xx_spi.c(479): warning:  #223-D: function "assert_param" declared implicitly
    assert_param(IS_SPI_ALL_PERIPH(SPIx));
..\SPL\src\stm32l1xx_spi.c(505): warning:  #223-D: function "assert_param" declared implicitly
    assert_param(IS_SPI_ALL_PERIPH(SPIx));
..\SPL\src\stm32l1xx_spi.c(529): warning:  #223-D: function "assert_param" declared implicitly
    assert_param(IS_SPI_ALL_PERIPH(SPIx));
..\SPL\src\stm32l1xx_spi.c(577): warning:  #223-D: function "assert_param" declared implicitly
    assert_param(IS_SPI_ALL_PERIPH(SPIx));
..\SPL\src\stm32l1xx_spi.c(593): warning:  #223-D: function "assert_param" declared implicitly
    assert_param(IS_SPI_ALL_PERIPH(SPIx));
..\SPL\src\stm32l1xx_spi.c(673): warning:  #223-D: function "assert_param" declared implicitly
    assert_param(IS_SPI_ALL_PERIPH(SPIx));
..\SPL\src\stm32l1xx_spi.c(695): warning:  #223-D: function "assert_param" declared implicitly
    assert_param(IS_SPI_ALL_PERIPH(SPIx));
..\SPL\src\stm32l1xx_spi.c(714): warning:  #223-D: function "assert_param" declared implicitly
    assert_param(IS_SPI_ALL_PERIPH(SPIx));
..\SPL\src\stm32l1xx_spi.c(738): warning:  #223-D: function "assert_param" declared implicitly
    assert_param(IS_SPI_ALL_PERIPH(SPIx));
..\SPL\src\stm32l1xx_spi.c(775): warning:  #223-D: function "assert_param" declared implicitly
    assert_param(IS_SPI_ALL_PERIPH(SPIx));
..\SPL\src\stm32l1xx_spi.c(885): warning:  #223-D: function "assert_param" declared implicitly
    assert_param(IS_SPI_ALL_PERIPH(SPIx));
..\SPL\src\stm32l1xx_spi.c(929): warning:  #223-D: function "assert_param" declared implicitly
    assert_param(IS_SPI_ALL_PERIPH(SPIx));
..\SPL\src\stm32l1xx_spi.c(968): warning:  #223-D: function "assert_param" declared implicitly
    assert_param(IS_SPI_ALL_PERIPH(SPIx));
..\SPL\src\stm32l1xx_spi.c(997): warning:  #223-D: function "assert_param" declared implicitly
    assert_param(IS_SPI_ALL_PERIPH(SPIx));
..\SPL\src\stm32l1xx_spi.c(1050): warning:  #223-D: function "assert_param" declared implicitly
    assert_param(IS_SPI_ALL_PERIPH(SPIx));
..\SPL\src\stm32l1xx_spi.c: 21 warnings, 0 errors
compiling stm32l1xx_syscfg.c...
..\SPL\src\stm32l1xx_syscfg.c(149): warning:  #223-D: function "assert_param" declared implicitly
    assert_param(IS_SYSCFG_MEMORY_REMAP_CONFING(SYSCFG_MemoryRemap));
..\SPL\src\stm32l1xx_syscfg.c(178): warning:  #223-D: function "assert_param" declared implicitly
    assert_param(IS_FUNCTIONAL_STATE(NewState));
..\SPL\src\stm32l1xx_syscfg.c(205): warning:  #223-D: function "assert_param" declared implicitly
    assert_param(IS_EXTI_PORT_SOURCE(EXTI_PortSourceGPIOx));
..\SPL\src\stm32l1xx_syscfg.c(246): warning:  #223-D: function "assert_param" declared implicitly
    assert_param(IS_RI_TIM(TIM_Select));
..\SPL\src\stm32l1xx_syscfg.c(291): warning:  #223-D: function "assert_param" declared implicitly
    assert_param(IS_RI_INPUTCAPTURE(RI_InputCapture));
..\SPL\src\stm32l1xx_syscfg.c(360): warning:  #223-D: function "assert_param" declared implicitly
    assert_param(IS_RI_RESISTOR(RI_Resistor));
..\SPL\src\stm32l1xx_syscfg.c(391): warning:  #223-D: function "assert_param" declared implicitly
    assert_param(IS_RI_CHANNEL(RI_Channel));
..\SPL\src\stm32l1xx_syscfg.c(441): warning:  #223-D: function "assert_param" declared implicitly
    assert_param(IS_RI_IOSWITCH(RI_IOSwitch));
..\SPL\src\stm32l1xx_syscfg.c(494): warning:  #223-D: function "assert_param" declared implicitly
    assert_param(IS_FUNCTIONAL_STATE(NewState));
..\SPL\src\stm32l1xx_syscfg.c(535): warning:  #223-D: function "assert_param" declared implicitly
    assert_param(IS_RI_PORT(RI_Port));
..\SPL\src\stm32l1xx_syscfg.c: 10 warnings, 0 errors
compiling stm32l1xx_tim.c...
..\SPL\src\stm32l1xx_tim.c(186): warning:  #223-D: function "assert_param" declared implicitly
    assert_param(IS_TIM_ALL_PERIPH(TIMx)); 
..\SPL\src\stm32l1xx_tim.c(254): warning:  #223-D: function "assert_param" declared implicitly
    assert_param(IS_TIM_ALL_PERIPH(TIMx)); 
..\SPL\src\stm32l1xx_tim.c(314): warning:  #223-D: function "assert_param" declared implicitly
    assert_param(IS_TIM_ALL_PERIPH(TIMx));
..\SPL\src\stm32l1xx_tim.c(340): warning:  #223-D: function "assert_param" declared implicitly
    assert_param(IS_TIM_LIST3_PERIPH(TIMx));
..\SPL\src\stm32l1xx_tim.c(361): warning:  #223-D: function "assert_param" declared implicitly
     assert_param(IS_TIM_ALL_PERIPH(TIMx));
..\SPL\src\stm32l1xx_tim.c(376): warning:  #223-D: function "assert_param" declared implicitly
    assert_param(IS_TIM_ALL_PERIPH(TIMx));
..\SPL\src\stm32l1xx_tim.c(390): warning:  #223-D: function "assert_param" declared implicitly
    assert_param(IS_TIM_ALL_PERIPH(TIMx));
..\SPL\src\stm32l1xx_tim.c(404): warning:  #223-D: function "assert_param" declared implicitly
    assert_param(IS_TIM_ALL_PERIPH(TIMx));
..\SPL\src\stm32l1xx_tim.c(420): warning:  #223-D: function "assert_param" declared implicitly
    assert_param(IS_TIM_ALL_PERIPH(TIMx));
..\SPL\src\stm32l1xx_tim.c(449): warning:  #223-D: function "assert_param" declared implicitly
    assert_param(IS_TIM_ALL_PERIPH(TIMx));
..\SPL\src\stm32l1xx_tim.c(474): warning:  #223-D: function "assert_param" declared implicitly
    assert_param(IS_TIM_ALL_PERIPH(TIMx));
..\SPL\src\stm32l1xx_tim.c(503): warning:  #223-D: function "assert_param" declared implicitly
    assert_param(IS_TIM_ALL_PERIPH(TIMx));
..\SPL\src\stm32l1xx_tim.c(525): warning:  #223-D: function "assert_param" declared implicitly
    assert_param(IS_TIM_LIST1_PERIPH(TIMx));
..\SPL\src\stm32l1xx_tim.c(544): warning:  #223-D: function "assert_param" declared implicitly
    assert_param(IS_TIM_ALL_PERIPH(TIMx)); 
..\SPL\src\stm32l1xx_tim.c(619): warning:  #223-D: function "assert_param" declared implicitly
    assert_param(IS_TIM_LIST1_PERIPH(TIMx));
..\SPL\src\stm32l1xx_tim.c(671): warning:  #223-D: function "assert_param" declared implicitly
    assert_param(IS_TIM_LIST2_PERIPH(TIMx)); 
..\SPL\src\stm32l1xx_tim.c(722): warning:  #223-D: function "assert_param" declared implicitly
    assert_param(IS_TIM_LIST3_PERIPH(TIMx));
..\SPL\src\stm32l1xx_tim.c(774): warning:  #223-D: function "assert_param" declared implicitly
    assert_param(IS_TIM_LIST3_PERIPH(TIMx)); 
..\SPL\src\stm32l1xx_tim.c(857): warning:  #223-D: function "assert_param" declared implicitly
    assert_param(IS_TIM_LIST1_PERIPH(TIMx));  
..\SPL\src\stm32l1xx_tim.c(899): warning:  #223-D: function "assert_param" declared implicitly
    assert_param(IS_TIM_LIST1_PERIPH(TIMx));
..\SPL\src\stm32l1xx_tim.c(914): warning:  #223-D: function "assert_param" declared implicitly
    assert_param(IS_TIM_LIST2_PERIPH(TIMx));
..\SPL\src\stm32l1xx_tim.c(929): warning:  #223-D: function "assert_param" declared implicitly
    assert_param(IS_TIM_LIST3_PERIPH(TIMx));
..\SPL\src\stm32l1xx_tim.c(944): warning:  #223-D: function "assert_param" declared implicitly
    assert_param(IS_TIM_LIST3_PERIPH(TIMx));
..\SPL\src\stm32l1xx_tim.c(963): warning:  #223-D: function "assert_param" declared implicitly
    assert_param(IS_TIM_LIST1_PERIPH(TIMx));
..\SPL\src\stm32l1xx_tim.c(989): warning:  #223-D: function "assert_param" declared implicitly
    assert_param(IS_TIM_LIST2_PERIPH(TIMx));
..\SPL\src\stm32l1xx_tim.c(1015): warning:  #223-D: function "assert_param" declared implicitly
    assert_param(IS_TIM_LIST3_PERIPH(TIMx));
..\SPL\src\stm32l1xx_tim.c(1040): warning:  #223-D: function "assert_param" declared implicitly
    assert_param(IS_TIM_LIST3_PERIPH(TIMx));
..\SPL\src\stm32l1xx_tim.c(1065): warning:  #223-D: function "assert_param" declared implicitly
    assert_param(IS_TIM_LIST1_PERIPH(TIMx));
..\SPL\src\stm32l1xx_tim.c(1090): warning:  #223-D: function "assert_param" declared implicitly
    assert_param(IS_TIM_LIST2_PERIPH(TIMx));
..\SPL\src\stm32l1xx_tim.c(1116): warning:  #223-D: function "assert_param" declared implicitly
    assert_param(IS_TIM_LIST3_PERIPH(TIMx));
..\SPL\src\stm32l1xx_tim.c(1142): warning:  #223-D: function "assert_param" declared implicitly
    assert_param(IS_TIM_LIST3_PERIPH(TIMx));
..\SPL\src\stm32l1xx_tim.c(1168): warning:  #223-D: function "assert_param" declared implicitly
    assert_param(IS_TIM_LIST1_PERIPH(TIMx));
..\SPL\src\stm32l1xx_tim.c(1195): warning:  #223-D: function "assert_param" declared implicitly
    assert_param(IS_TIM_LIST2_PERIPH(TIMx));
..\SPL\src\stm32l1xx_tim.c(1222): warning:  #223-D: function "assert_param" declared implicitly
    assert_param(IS_TIM_LIST3_PERIPH(TIMx));
..\SPL\src\stm32l1xx_tim.c(1249): warning:  #223-D: function "assert_param" declared implicitly
    assert_param(IS_TIM_LIST3_PERIPH(TIMx));
..\SPL\src\stm32l1xx_tim.c(1276): warning:  #223-D: function "assert_param" declared implicitly
    assert_param(IS_TIM_LIST1_PERIPH(TIMx));
..\SPL\src\stm32l1xx_tim.c(1303): warning:  #223-D: function "assert_param" declared implicitly
    assert_param(IS_TIM_LIST2_PERIPH(TIMx));
..\SPL\src\stm32l1xx_tim.c(1329): warning:  #223-D: function "assert_param" declared implicitly
    assert_param(IS_TIM_LIST3_PERIPH(TIMx));
..\SPL\src\stm32l1xx_tim.c(1355): warning:  #223-D: function "assert_param" declared implicitly
    assert_param(IS_TIM_LIST3_PERIPH(TIMx));
..\SPL\src\stm32l1xx_tim.c(1381): warning:  #223-D: function "assert_param" declared implicitly
    assert_param(IS_TIM_LIST1_PERIPH(TIMx));
..\SPL\src\stm32l1xx_tim.c(1406): warning:  #223-D: function "assert_param" declared implicitly
    assert_param(IS_TIM_LIST2_PERIPH(TIMx));
..\SPL\src\stm32l1xx_tim.c(1431): warning:  #223-D: function "assert_param" declared implicitly
    assert_param(IS_TIM_LIST3_PERIPH(TIMx));
..\SPL\src\stm32l1xx_tim.c(1456): warning:  #223-D: function "assert_param" declared implicitly
    assert_param(IS_TIM_LIST3_PERIPH(TIMx));
..\SPL\src\stm32l1xx_tim.c(1479): warning:  #223-D: function "assert_param" declared implicitly
    assert_param(IS_TIM_LIST3_PERIPH(TIMx));
..\SPL\src\stm32l1xx_tim.c(1505): warning:  #223-D: function "assert_param" declared implicitly
    assert_param(IS_TIM_LIST1_PERIPH(TIMx)); 
..\SPL\src\stm32l1xx_tim.c(1579): warning:  #223-D: function "assert_param" declared implicitly
    assert_param(IS_TIM_LIST1_PERIPH(TIMx));
..\SPL\src\stm32l1xx_tim.c(1656): warning:  #223-D: function "assert_param" declared implicitly
    assert_param(IS_TIM_LIST2_PERIPH(TIMx));
..\SPL\src\stm32l1xx_tim.c(1709): warning:  #223-D: function "assert_param" declared implicitly
    assert_param(IS_TIM_LIST1_PERIPH(TIMx));
..\SPL\src\stm32l1xx_tim.c(1723): warning:  #223-D: function "assert_param" declared implicitly
    assert_param(IS_TIM_LIST2_PERIPH(TIMx));
..\SPL\src\stm32l1xx_tim.c(1737): warning:  #223-D: function "assert_param" declared implicitly
    assert_param(IS_TIM_LIST3_PERIPH(TIMx)); 
..\SPL\src\stm32l1xx_tim.c(1751): warning:  #223-D: function "assert_param" declared implicitly
    assert_param(IS_TIM_LIST3_PERIPH(TIMx));
..\SPL\src\stm32l1xx_tim.c(1771): warning:  #223-D: function "assert_param" declared implicitly
    assert_param(IS_TIM_LIST1_PERIPH(TIMx));
..\SPL\src\stm32l1xx_tim.c(1794): warning:  #223-D: function "assert_param" declared implicitly
    assert_param(IS_TIM_LIST2_PERIPH(TIMx));
..\SPL\src\stm32l1xx_tim.c(1817): warning:  #223-D: function "assert_param" declared implicitly
    assert_param(IS_TIM_LIST3_PERIPH(TIMx));
..\SPL\src\stm32l1xx_tim.c(1840): warning:  #223-D: function "assert_param" declared implicitly
    assert_param(IS_TIM_LIST3_PERIPH(TIMx));
..\SPL\src\stm32l1xx_tim.c(1886): warning:  #223-D: function "assert_param" declared implicitly
    assert_param(IS_TIM_ALL_PERIPH(TIMx));
..\SPL\src\stm32l1xx_tim.c(1922): warning:  #223-D: function "assert_param" declared implicitly
    assert_param(IS_TIM_ALL_PERIPH(TIMx));
..\SPL\src\stm32l1xx_tim.c(1955): warning:  #223-D: function "assert_param" declared implicitly
    assert_param(IS_TIM_ALL_PERIPH(TIMx));
..\SPL\src\stm32l1xx_tim.c(1994): warning:  #223-D: function "assert_param" declared implicitly
    assert_param(IS_TIM_ALL_PERIPH(TIMx));
..\SPL\src\stm32l1xx_tim.c(2026): warning:  #223-D: function "assert_param" declared implicitly
    assert_param(IS_TIM_ALL_PERIPH(TIMx));
..\SPL\src\stm32l1xx_tim.c(2065): warning:  #223-D: function "assert_param" declared implicitly
    assert_param(IS_TIM_ALL_PERIPH(TIMx));
..\SPL\src\stm32l1xx_tim.c(2103): warning:  #223-D: function "assert_param" declared implicitly
    assert_param(IS_TIM_LIST3_PERIPH(TIMx));
..\SPL\src\stm32l1xx_tim.c(2128): warning:  #223-D: function "assert_param" declared implicitly
    assert_param(IS_TIM_LIST4_PERIPH(TIMx));
..\SPL\src\stm32l1xx_tim.c(2154): warning:  #223-D: function "assert_param" declared implicitly
    assert_param(IS_TIM_LIST3_PERIPH(TIMx));
..\SPL\src\stm32l1xx_tim.c(2193): warning:  #223-D: function "assert_param" declared implicitly
    assert_param(IS_TIM_LIST2_PERIPH(TIMx));
..\SPL\src\stm32l1xx_tim.c(2212): warning:  #223-D: function "assert_param" declared implicitly
    assert_param(IS_TIM_LIST2_PERIPH(TIMx));
..\SPL\src\stm32l1xx_tim.c(2240): warning:  #223-D: function "assert_param" declared implicitly
    assert_param(IS_TIM_LIST2_PERIPH(TIMx));
..\SPL\src\stm32l1xx_tim.c(2282): warning:  #223-D: function "assert_param" declared implicitly
    assert_param(IS_TIM_LIST2_PERIPH(TIMx));
..\SPL\src\stm32l1xx_tim.c(2324): warning:  #223-D: function "assert_param" declared implicitly
    assert_param(IS_TIM_LIST1_PERIPH(TIMx));
..\SPL\src\stm32l1xx_tim.c(2391): warning:  #223-D: function "assert_param" declared implicitly
    assert_param(IS_TIM_LIST1_PERIPH(TIMx)); 
..\SPL\src\stm32l1xx_tim.c(2432): warning:  #223-D: function "assert_param" declared implicitly
    assert_param(IS_TIM_LIST5_PERIPH(TIMx));
..\SPL\src\stm32l1xx_tim.c(2456): warning:  #223-D: function "assert_param" declared implicitly
    assert_param(IS_TIM_LIST2_PERIPH(TIMx)); 
..\SPL\src\stm32l1xx_tim.c(2478): warning:  #223-D: function "assert_param" declared implicitly
    assert_param(IS_TIM_LIST2_PERIPH(TIMx));
..\SPL\src\stm32l1xx_tim.c(2511): warning:  #223-D: function "assert_param" declared implicitly
    assert_param(IS_TIM_LIST1_PERIPH(TIMx));
..\SPL\src\stm32l1xx_tim.c(2568): warning:  #223-D: function "assert_param" declared implicitly
    assert_param(IS_TIM_LIST3_PERIPH(TIMx));
..\SPL\src\stm32l1xx_tim.c(2606): warning:  #223-D: function "assert_param" declared implicitly
    assert_param(IS_TIM_LIST3_PERIPH(TIMx));
..\SPL\src\stm32l1xx_tim.c(2669): warning:  #223-D: function "assert_param" declared implicitly
    assert_param(IS_TIM_LIST6_PERIPH(TIMx));
..\SPL\src\stm32l1xx_tim.c: 77 warnings, 0 errors
compiling stm32l1xx_usart.c...
..\SPL\src\stm32l1xx_usart.c(176): warning:  #223-D: function "assert_param" declared implicitly
    assert_param(IS_USART_ALL_PERIPH(USARTx));
..\SPL\src\stm32l1xx_usart.c(226): warning:  #223-D: function "assert_param" declared implicitly
    assert_param(IS_USART_ALL_PERIPH(USARTx));
..\SPL\src\stm32l1xx_usart.c(352): warning:  #223-D: function "assert_param" declared implicitly
    assert_param(IS_USART_123_PERIPH(USARTx));
..\SPL\src\stm32l1xx_usart.c(400): warning:  #223-D: function "assert_param" declared implicitly
    assert_param(IS_USART_ALL_PERIPH(USARTx));
..\SPL\src\stm32l1xx_usart.c(427): warning:  #223-D: function "assert_param" declared implicitly
    assert_param(IS_USART_ALL_PERIPH(USARTx));
..\SPL\src\stm32l1xx_usart.c(451): warning:  #223-D: function "assert_param" declared implicitly
    assert_param(IS_USART_ALL_PERIPH(USARTx));
..\SPL\src\stm32l1xx_usart.c(478): warning:  #223-D: function "assert_param" declared implicitly
    assert_param(IS_USART_ALL_PERIPH(USARTx));
..\SPL\src\stm32l1xx_usart.c(532): warning:  #223-D: function "assert_param" declared implicitly
    assert_param(IS_USART_ALL_PERIPH(USARTx));
..\SPL\src\stm32l1xx_usart.c(549): warning:  #223-D: function "assert_param" declared implicitly
    assert_param(IS_USART_ALL_PERIPH(USARTx));
..\SPL\src\stm32l1xx_usart.c(601): warning:  #223-D: function "assert_param" declared implicitly
    assert_param(IS_USART_ALL_PERIPH(USARTx));
..\SPL\src\stm32l1xx_usart.c(622): warning:  #223-D: function "assert_param" declared implicitly
    assert_param(IS_USART_ALL_PERIPH(USARTx));
..\SPL\src\stm32l1xx_usart.c(650): warning:  #223-D: function "assert_param" declared implicitly
    assert_param(IS_USART_ALL_PERIPH(USARTx));
..\SPL\src\stm32l1xx_usart.c(715): warning:  #223-D: function "assert_param" declared implicitly
    assert_param(IS_USART_ALL_PERIPH(USARTx));
..\SPL\src\stm32l1xx_usart.c(734): warning:  #223-D: function "assert_param" declared implicitly
    assert_param(IS_USART_ALL_PERIPH(USARTx));
..\SPL\src\stm32l1xx_usart.c(759): warning:  #223-D: function "assert_param" declared implicitly
    assert_param(IS_USART_ALL_PERIPH(USARTx));
..\SPL\src\stm32l1xx_usart.c(808): warning:  #223-D: function "assert_param" declared implicitly
    assert_param(IS_USART_ALL_PERIPH(USARTx));
..\SPL\src\stm32l1xx_usart.c(890): warning:  #223-D: function "assert_param" declared implicitly
    assert_param(IS_USART_123_PERIPH(USARTx));
..\SPL\src\stm32l1xx_usart.c(910): warning:  #223-D: function "assert_param" declared implicitly
    assert_param(IS_USART_123_PERIPH(USARTx));
..\SPL\src\stm32l1xx_usart.c(936): warning:  #223-D: function "assert_param" declared implicitly
    assert_param(IS_USART_123_PERIPH(USARTx)); 
..\SPL\src\stm32l1xx_usart.c(1008): warning:  #223-D: function "assert_param" declared implicitly
    assert_param(IS_USART_ALL_PERIPH(USARTx));
..\SPL\src\stm32l1xx_usart.c(1027): warning:  #223-D: function "assert_param" declared implicitly
    assert_param(IS_USART_ALL_PERIPH(USARTx));
..\SPL\src\stm32l1xx_usart.c(1074): warning:  #223-D: function "assert_param" declared implicitly
    assert_param(IS_USART_ALL_PERIPH(USARTx));
..\SPL\src\stm32l1xx_usart.c(1205): warning:  #223-D: function "assert_param" declared implicitly
    assert_param(IS_USART_ALL_PERIPH(USARTx));
..\SPL\src\stm32l1xx_usart.c(1269): warning:  #223-D: function "assert_param" declared implicitly
    assert_param(IS_USART_ALL_PERIPH(USARTx));
..\SPL\src\stm32l1xx_usart.c(1318): warning:  #223-D: function "assert_param" declared implicitly
    assert_param(IS_USART_ALL_PERIPH(USARTx));
..\SPL\src\stm32l1xx_usart.c(1355): warning:  #223-D: function "assert_param" declared implicitly
    assert_param(IS_USART_ALL_PERIPH(USARTx));
..\SPL\src\stm32l1xx_usart.c(1429): warning:  #223-D: function "assert_param" declared implicitly
    assert_param(IS_USART_ALL_PERIPH(USARTx));
..\SPL\src\stm32l1xx_usart.c: 27 warnings, 0 errors
compiling stm32l1xx_wwdg.c...
..\SPL\src\stm32l1xx_wwdg.c(162): warning:  #223-D: function "assert_param" declared implicitly
    assert_param(IS_WWDG_PRESCALER(WWDG_Prescaler));
..\SPL\src\stm32l1xx_wwdg.c(182): warning:  #223-D: function "assert_param" declared implicitly
    assert_param(IS_WWDG_WINDOW_VALUE(WindowValue));
..\SPL\src\stm32l1xx_wwdg.c(215): warning:  #223-D: function "assert_param" declared implicitly
    assert_param(IS_WWDG_COUNTER(Counter));
..\SPL\src\stm32l1xx_wwdg.c(247): warning:  #223-D: function "assert_param" declared implicitly
    assert_param(IS_WWDG_COUNTER(Counter));
..\SPL\src\stm32l1xx_wwdg.c: 4 warnings, 0 errors
compiling radio.c...
..\src\radio\radio.c(21): error:  #5: cannot open source input file "platform.h": No such file or directory
  #include "platform.h"
..\src\radio\radio.c: 0 warnings, 1 error
compiling sx1232.c...
..\src\radio\sx1232.c(24): error:  #5: cannot open source input file "platform.h": No such file or directory
  #include "platform.h"
..\src\radio\sx1232.c: 0 warnings, 1 error
compiling sx1232-Misc.c...
..\src\radio\sx1232-Misc.c(31): error:  #5: cannot open source input file "platform.h": No such file or directory
  #include "platform.h"
..\src\radio\sx1232-Misc.c: 0 warnings, 1 error
compiling sx1272.c...
..\src\radio\sx1272.c(21): error:  #5: cannot open source input file "platform.h": No such file or directory
  #include "platform.h"
..\src\radio\sx1272.c: 0 warnings, 1 error
compiling sx1272-Fsk.c...
..\src\radio\sx1272-Fsk.c(27): error:  #5: cannot open source input file "platform.h": No such file or directory
  #include "platform.h"
..\src\radio\sx1272-Fsk.c: 0 warnings, 1 error
compiling sx1272-FskMisc.c...
..\src\radio\sx1272-FskMisc.c(31): error:  #5: cannot open source input file "platform.h": No such file or directory
  #include "platform.h"
..\src\radio\sx1272-FskMisc.c: 0 warnings, 1 error
compiling sx1272-LoRa.c...
..\src\radio\sx1272-LoRa.c(23): error:  #5: cannot open source input file "platform.h": No such file or directory
  #include "platform.h"
..\src\radio\sx1272-LoRa.c: 0 warnings, 1 error
compiling sx1272-LoRaMisc.c...
..\src\radio\sx1272-LoRaMisc.c(29): error:  #5: cannot open source input file "platform.h": No such file or directory
  #include "platform.h"
..\src\radio\sx1272-LoRaMisc.c: 0 warnings, 1 error
compiling sx1276.c...
..\src\radio\sx1276.c(306): warning:  #1-D: last line of file ends without a newline
  #endif
..\src\radio\sx1276.c: 1 warning, 0 errors
compiling sx1276-Fsk.c...
..\src\radio\sx1276-Fsk.c(24): error:  #5: cannot open source input file "platform.h": No such file or directory
  #include "platform.h"
..\src\radio\sx1276-Fsk.c: 0 warnings, 1 error
compiling sx1276-FskMisc.c...
..\src\radio\sx1276-FskMisc.c(31): error:  #5: cannot open source input file "platform.h": No such file or directory
  #include "platform.h"
..\src\radio\sx1276-FskMisc.c: 0 warnings, 1 error
compiling sx1276-LoRa.c...
..\src\radio\sx1276-LoRa.c(23): error:  #5: cannot open source input file "platform.h": No such file or directory
  #include "platform.h"
..\src\radio\sx1276-LoRa.c: 0 warnings, 1 error
compiling sx1276-LoRaMisc.c...
..\src\radio\sx1276-LoRaMisc.c(29): error:  #5: cannot open source input file "platform.h": No such file or directory
  #include "platform.h"
..\src\radio\sx1276-LoRaMisc.c: 0 warnings, 1 error
compiling led.c...
..\src\xrange\led.c(2): error:  #5: cannot open source input file "platform.h": No such file or directory
  #include "platform.h"
..\src\xrange\led.c: 0 warnings, 1 error
compiling rtc.c...
..\src\xrange\rtc.c(7): error:  #20: identifier "RTC_InitTypeDef" is undefined
    RTC_InitTypeDef RTC_InitStructure;
..\src\xrange\rtc.c(8): error:  #20: identifier "RTC_TimeTypeDef" is undefined
    RTC_TimeTypeDef  RTC_TimeStruct;
..\src\xrange\rtc.c(11): warning:  #223-D: function "RCC_APB1PeriphClockCmd" declared implicitly
    RCC_APB1PeriphClockCmd(RCC_APB1Periph_PWR, ENABLE);
..\src\xrange\rtc.c(11): error:  #20: identifier "RCC_APB1Periph_PWR" is undefined
    RCC_APB1PeriphClockCmd(RCC_APB1Periph_PWR, ENABLE);
..\src\xrange\rtc.c(14): warning:  #223-D: function "PWR_RTCAccessCmd" declared implicitly
    PWR_RTCAccessCmd(ENABLE);
..\src\xrange\rtc.c(17): warning:  #223-D: function "RCC_RTCResetCmd" declared implicitly
    RCC_RTCResetCmd(ENABLE);
..\src\xrange\rtc.c(21): warning:  #223-D: function "RCC_LSEConfig" declared implicitly
    RCC_LSEConfig(RCC_LSE_ON);
..\src\xrange\rtc.c(21): error:  #20: identifier "RCC_LSE_ON" is undefined
    RCC_LSEConfig(RCC_LSE_ON);
..\src\xrange\rtc.c(24): warning:  #223-D: function "RCC_GetFlagStatus" declared implicitly
    while(RCC_GetFlagStatus(RCC_FLAG_LSERDY) == RESET)
..\src\xrange\rtc.c(24): error:  #20: identifier "RCC_FLAG_LSERDY" is undefined
    while(RCC_GetFlagStatus(RCC_FLAG_LSERDY) == RESET)
..\src\xrange\rtc.c(29): warning:  #223-D: function "RCC_RTCCLKConfig" declared implicitly
    RCC_RTCCLKConfig(RCC_RTCCLKSource_LSE);
..\src\xrange\rtc.c(29): error:  #20: identifier "RCC_RTCCLKSource_LSE" is undefined
    RCC_RTCCLKConfig(RCC_RTCCLKSource_LSE);
..\src\xrange\rtc.c(34): error:  #20: identifier "RTC_HourFormat_24" is undefined
    RTC_InitStructure.RTC_HourFormat   = RTC_HourFormat_24;
..\src\xrange\rtc.c(35): warning:  #223-D: function "RTC_Init" declared implicitly
    RTC_Init(&RTC_InitStructure);
..\src\xrange\rtc.c(38): error:  #20: identifier "RTC_H12_AM" is undefined
    RTC_TimeStruct.RTC_H12     = RTC_H12_AM;
..\src\xrange\rtc.c(42): warning:  #223-D: function "RTC_SetTime" declared implicitly
    RTC_SetTime(RTC_Format_BIN, &RTC_TimeStruct);
..\src\xrange\rtc.c(42): error:  #20: identifier "RTC_Format_BIN" is undefined
    RTC_SetTime(RTC_Format_BIN, &RTC_TimeStruct);
..\src\xrange\rtc.c(44): warning:  #223-D: function "RCC_RTCCLKCmd" declared implicitly
    RCC_RTCCLKCmd(ENABLE);
..\src\xrange\rtc.c(47): warning:  #223-D: function "RTC_WaitForSynchro" declared implicitly
    RTC_WaitForSynchro();
..\src\xrange\rtc.c: 10 warnings, 9 errors
compiling spi.c...
..\src\xrange\spi.c(25): error:  #5: cannot open source input file "platform.h": No such file or directory
  #include "platform.h"
..\src\xrange\spi.c: 0 warnings, 1 error
compiling stm32fxxx_it.c...
..\src\xrange\XRange-Hal.h(4): error:  #5: cannot open source input file "platform.h": No such file or directory
  #include "platform.h"
..\src\xrange\stm32fxxx_it.c: 0 warnings, 1 error
compiling sx1272-Hal.c...
..\src\xrange\sx1272-Hal.c(27): error:  #5: cannot open source input file "platform.h": No such file or directory
  #include "platform.h"
..\src\xrange\sx1272-Hal.c: 0 warnings, 1 error
compiling utility.c...
compiling XRange-Hal.c...
..\src\xrange\XRange-Hal.h(4): error:  #5: cannot open source input file "platform.h": No such file or directory
  #include "platform.h"
..\src\xrange\XRange-Hal.c: 0 warnings, 1 error
compiling main.c...
..\src\xrange\XRange-Hal.h(4): error:  #5: cannot open source input file "platform.h": No such file or directory
  #include "platform.h"
..\src\main.c: 0 warnings, 1 error
compiling system_stm32l1xx.c...
compiling system_stm32l1xx_rc.c...
".\bin\XRange.axf" - 28 Error(s), 447 Warning(s).
Target not created
